// 同步 ID: 8cc508b3 @ Tue Jun 30 10:53:08 UTC 2026
// 重构日志: ac337c04
// 重构日志: 1ca8cdd2
// 重构日志: dace63f7
// 重构日志: 9e782f1d
// 重构日志: 5adc9a92
// 同步 ID: b483509c @ Sat Jul  4 07:57:46 UTC 2026
// 同步 ID: df178b26 @ Sat Jul  4 12:57:03 UTC 2026
// 同步 ID: c1a1adf6 @ Sun Jul  5 08:46:52 UTC 2026
// 重构日志: 7807a33f
// 重构日志: dd4e72c0
// 重构日志: 29c6eb2f
// 重构日志: 79734c04
// 同步 ID: 787f4fcd @ Sat Jul 11 06:45:39 UTC 2026
// 同步 ID: 0c8ddb29 @ Sat Jul 11 10:57:12 UTC 2026
// 重构日志: 0c739808
// 重构日志: e021341d
// 重构日志: 63b88be7
// 重构日志: d09eb305
// 同步 ID: fd12d857 @ Wed Jul 15 13:44:31 UTC 2026
// 重构日志: e4f6940c
// 同步 ID: 2d3da457 @ Sun Jul 19 11:50:27 UTC 2026
